-------------------------------------------------------------------------------
Test set: AH.gruppo14.stackbasedcalculator_gruppo14.StackCalculatorTest
-------------------------------------------------------------------------------
Tests run: 12, Failures: 12, Errors: 0, Skipped: 0, Time elapsed: 0.001 sec <<< FAILURE!
AH.gruppo14.stackbasedcalculator_gruppo14.StackCalculatorTest.testSubtractVariable1()  Time elapsed: 0 sec  <<< FAILURE!
org.opentest4j.AssertionFailedError: Unexpected exception type thrown ==> expected: <Eccezioni.StackVuotoException> but was: <java.lang.NullPointerException>
	at org.junit.jupiter.api.AssertThrows.assertThrows(AssertThrows.java:65)
	at org.junit.jupiter.api.AssertThrows.assertThrows(AssertThrows.java:37)
	at org.junit.jupiter.api.Assertions.assertThrows(Assertions.java:2952)
	at AH.gruppo14.stackbasedcalculator_gruppo14.StackCalculatorTest.testSubtractVariable1(StackCalculatorTest.java:209)
Caused by: java.lang.NullPointerException
	at AH.gruppo14.stackbasedcalculator_gruppo14.StackCalculatorTest.lambda$testSubtractVariable1$5(StackCalculatorTest.java:210)
	at org.junit.jupiter.api.AssertThrows.assertThrows(AssertThrows.java:55)
	... 21 more

AH.gruppo14.stackbasedcalculator_gruppo14.StackCalculatorTest.testSubtractVariable2()  Time elapsed: 0 sec  <<< FAILURE!
java.lang.NullPointerException
	at AH.gruppo14.stackbasedcalculator_gruppo14.StackCalculatorTest.testSubtractVariable2(StackCalculatorTest.java:225)

AH.gruppo14.stackbasedcalculator_gruppo14.StackCalculatorTest.testLoadVariable1()  Time elapsed: 0 sec  <<< FAILURE!
org.opentest4j.AssertionFailedError: Unexpected exception type thrown ==> expected: <Eccezioni.StackVuotoException> but was: <java.lang.NullPointerException>
	at org.junit.jupiter.api.AssertThrows.assertThrows(AssertThrows.java:65)
	at org.junit.jupiter.api.AssertThrows.assertThrows(AssertThrows.java:37)
	at org.junit.jupiter.api.Assertions.assertThrows(Assertions.java:2952)
	at AH.gruppo14.stackbasedcalculator_gruppo14.StackCalculatorTest.testLoadVariable1(StackCalculatorTest.java:58)
Caused by: java.lang.NullPointerException
	at AH.gruppo14.stackbasedcalculator_gruppo14.StackCalculatorTest.lambda$testLoadVariable1$0(StackCalculatorTest.java:59)
	at org.junit.jupiter.api.AssertThrows.assertThrows(AssertThrows.java:55)
	... 21 more

AH.gruppo14.stackbasedcalculator_gruppo14.StackCalculatorTest.testSubtractVariable3()  Time elapsed: 0 sec  <<< FAILURE!
java.lang.NullPointerException
	at AH.gruppo14.stackbasedcalculator_gruppo14.StackCalculatorTest.testSubtractVariable3(StackCalculatorTest.java:241)

AH.gruppo14.stackbasedcalculator_gruppo14.StackCalculatorTest.testLoadVariable2()  Time elapsed: 0 sec  <<< FAILURE!
java.lang.NullPointerException
	at AH.gruppo14.stackbasedcalculator_gruppo14.StackCalculatorTest.testLoadVariable2(StackCalculatorTest.java:73)

AH.gruppo14.stackbasedcalculator_gruppo14.StackCalculatorTest.testStoreVariable3()  Time elapsed: 0 sec  <<< FAILURE!
java.lang.NullPointerException
	at AH.gruppo14.stackbasedcalculator_gruppo14.StackCalculatorTest.testStoreVariable3(StackCalculatorTest.java:137)

AH.gruppo14.stackbasedcalculator_gruppo14.StackCalculatorTest.testLoadVariable3()  Time elapsed: 0 sec  <<< FAILURE!
java.lang.NullPointerException
	at AH.gruppo14.stackbasedcalculator_gruppo14.StackCalculatorTest.testLoadVariable3(StackCalculatorTest.java:87)

AH.gruppo14.stackbasedcalculator_gruppo14.StackCalculatorTest.testStoreVariable2()  Time elapsed: 0 sec  <<< FAILURE!
java.lang.NullPointerException
	at AH.gruppo14.stackbasedcalculator_gruppo14.StackCalculatorTest.testStoreVariable2(StackCalculatorTest.java:120)

AH.gruppo14.stackbasedcalculator_gruppo14.StackCalculatorTest.testStoreVariable1()  Time elapsed: 0 sec  <<< FAILURE!
java.lang.NullPointerException
	at AH.gruppo14.stackbasedcalculator_gruppo14.StackCalculatorTest.testStoreVariable1(StackCalculatorTest.java:105)

AH.gruppo14.stackbasedcalculator_gruppo14.StackCalculatorTest.testAddVariable2()  Time elapsed: 0 sec  <<< FAILURE!
java.lang.NullPointerException
	at AH.gruppo14.stackbasedcalculator_gruppo14.StackCalculatorTest.testAddVariable2(StackCalculatorTest.java:174)

AH.gruppo14.stackbasedcalculator_gruppo14.StackCalculatorTest.testAddVariable1()  Time elapsed: 0 sec  <<< FAILURE!
org.opentest4j.AssertionFailedError: Unexpected exception type thrown ==> expected: <Eccezioni.StackVuotoException> but was: <java.lang.NullPointerException>
	at org.junit.jupiter.api.AssertThrows.assertThrows(AssertThrows.java:65)
	at org.junit.jupiter.api.AssertThrows.assertThrows(AssertThrows.java:37)
	at org.junit.jupiter.api.Assertions.assertThrows(Assertions.java:2952)
	at AH.gruppo14.stackbasedcalculator_gruppo14.StackCalculatorTest.testAddVariable1(StackCalculatorTest.java:158)
Caused by: java.lang.NullPointerException
	at AH.gruppo14.stackbasedcalculator_gruppo14.StackCalculatorTest.lambda$testAddVariable1$3(StackCalculatorTest.java:159)
	at org.junit.jupiter.api.AssertThrows.assertThrows(AssertThrows.java:55)
	... 21 more

AH.gruppo14.stackbasedcalculator_gruppo14.StackCalculatorTest.testAddVariable3()  Time elapsed: 0 sec  <<< FAILURE!
java.lang.NullPointerException
	at AH.gruppo14.stackbasedcalculator_gruppo14.StackCalculatorTest.testAddVariable3(StackCalculatorTest.java:190)

