-------------------------------------------------------------------------------
Test set: AH.gruppo14.stackbasedcalculator_gruppo14.CalculatorVariablesTest
-------------------------------------------------------------------------------
Tests run: 8, Failures: 8, Errors: 0, Skipped: 0, Time elapsed: 0.002 sec <<< FAILURE!
AH.gruppo14.stackbasedcalculator_gruppo14.CalculatorVariablesTest.testSubtractVariable1()  Time elapsed: 0 sec  <<< FAILURE!
java.lang.NullPointerException
	at AH.gruppo14.stackbasedcalculator_gruppo14.CalculatorVariablesTest.testSubtractVariable1(CalculatorVariablesTest.java:142)

AH.gruppo14.stackbasedcalculator_gruppo14.CalculatorVariablesTest.testSubtractVariable2()  Time elapsed: 0 sec  <<< FAILURE!
java.lang.NullPointerException
	at AH.gruppo14.stackbasedcalculator_gruppo14.CalculatorVariablesTest.testSubtractVariable2(CalculatorVariablesTest.java:156)

AH.gruppo14.stackbasedcalculator_gruppo14.CalculatorVariablesTest.testSetVariable2()  Time elapsed: 0 sec  <<< FAILURE!
java.lang.NullPointerException
	at AH.gruppo14.stackbasedcalculator_gruppo14.CalculatorVariablesTest.testSetVariable2(CalculatorVariablesTest.java:67)

AH.gruppo14.stackbasedcalculator_gruppo14.CalculatorVariablesTest.testAddVariable2()  Time elapsed: 0 sec  <<< FAILURE!
java.lang.NullPointerException
	at AH.gruppo14.stackbasedcalculator_gruppo14.CalculatorVariablesTest.testAddVariable2(CalculatorVariablesTest.java:125)

AH.gruppo14.stackbasedcalculator_gruppo14.CalculatorVariablesTest.testGetVariable2()  Time elapsed: 0 sec  <<< FAILURE!
java.lang.NullPointerException
	at AH.gruppo14.stackbasedcalculator_gruppo14.CalculatorVariablesTest.testGetVariable2(CalculatorVariablesTest.java:95)

AH.gruppo14.stackbasedcalculator_gruppo14.CalculatorVariablesTest.testAddVariable1()  Time elapsed: 0 sec  <<< FAILURE!
java.lang.NullPointerException
	at AH.gruppo14.stackbasedcalculator_gruppo14.CalculatorVariablesTest.testAddVariable1(CalculatorVariablesTest.java:111)

AH.gruppo14.stackbasedcalculator_gruppo14.CalculatorVariablesTest.testGetVariable1()  Time elapsed: 0 sec  <<< FAILURE!
java.lang.NullPointerException
	at AH.gruppo14.stackbasedcalculator_gruppo14.CalculatorVariablesTest.testGetVariable1(CalculatorVariablesTest.java:83)

AH.gruppo14.stackbasedcalculator_gruppo14.CalculatorVariablesTest.testSetVariable1()  Time elapsed: 0 sec  <<< FAILURE!
java.lang.NullPointerException
	at AH.gruppo14.stackbasedcalculator_gruppo14.CalculatorVariablesTest.testSetVariable1(CalculatorVariablesTest.java:54)

