<?xml version="1.0" encoding="UTF-8" ?>
<testsuite tests="12" failures="12" name="AH.gruppo14.stackbasedcalculator_gruppo14.StackCalculatorTest" time="0" errors="0" skipped="0">
  <properties>
    <property name="java.runtime.name" value="Java(TM) SE Runtime Environment"/>
    <property name="sun.boot.library.path" value="C:\Program Files\Java\jdk-1.8\jre\bin"/>
    <property name="java.vm.version" value="25.381-b09"/>
    <property name="java.vm.vendor" value="Oracle Corporation"/>
    <property name="maven.multiModuleProjectDirectory" value="C:\Users\franc\Documents\NetBeansProjects\3-StackBasedCalculator_Gruppo14"/>
    <property name="java.vendor.url" value="http://java.oracle.com/"/>
    <property name="path.separator" value=";"/>
    <property name="guice.disable.misplaced.annotation.check" value="true"/>
    <property name="java.vm.name" value="Java HotSpot(TM) 64-Bit Server VM"/>
    <property name="file.encoding.pkg" value="sun.io"/>
    <property name="user.script" value=""/>
    <property name="user.country" value="IT"/>
    <property name="sun.java.launcher" value="SUN_STANDARD"/>
    <property name="sun.os.patch.level" value=""/>
    <property name="test" value="AH.gruppo14.stackbasedcalculator_gruppo14.**.*Test"/>
    <property name="java.vm.specification.name" value="Java Virtual Machine Specification"/>
    <property name="user.dir" value="C:\Users\franc\Documents\NetBeansProjects\3-StackBasedCalculator_Gruppo14"/>
    <property name="java.runtime.version" value="1.8.0_381-b09"/>
    <property name="java.awt.graphicsenv" value="sun.awt.Win32GraphicsEnvironment"/>
    <property name="java.endorsed.dirs" value="C:\Program Files\Java\jdk-1.8\jre\lib\endorsed"/>
    <property name="os.arch" value="amd64"/>
    <property name="java.io.tmpdir" value="C:\Users\franc\AppData\Local\Temp\"/>
    <property name="line.separator" value="
"/>
    <property name="java.vm.specification.vendor" value="Oracle Corporation"/>
    <property name="user.variant" value=""/>
    <property name="os.name" value="Windows 11"/>
    <property name="maven.ext.class.path" value="C:\Program Files\NetBeans-12.4\netbeans\java\maven-nblib\netbeans-eventspy.jar"/>
    <property name="classworlds.conf" value="C:\Program Files\NetBeans-12.4\netbeans\java\maven\bin\..\bin\m2.conf"/>
    <property name="sun.jnu.encoding" value="Cp1252"/>
    <property name="java.library.path" value="C:\Program Files\Java\jdk-1.8\bin;C:\WINDOWS\Sun\Java\bin;C:\WINDOWS\system32;C:\WINDOWS;C:\Program Files\Common Files\Siemens\Automation\Simatic OAM\bin;C:\Program Files\Common Files\Oracle\Java\javapath;C:\Program Files (x86)\Common Files\Oracle\Java\javapath;C:\windows\system32;C:\windows;C:\windows\System32\Wbem;C:\windows\System32\WindowsPowerShell\v1.0\;C:\windows\System32\OpenSSH\;C:\Program Files (x86)\NVIDIA Corporation\PhysX\Common;C:\Program Files\NVIDIA Corporation\NVIDIA NvDLISR;C:\WINDOWS\system32;C:\WINDOWS;C:\WINDOWS\System32\Wbem;C:\WINDOWS\System32\WindowsPowerShell\v1.0\;C:\WINDOWS\System32\OpenSSH\;C:\Program Files\Java\jdk-18.0.2.1\bin;C:\MinGW\bin;C:\MinGW\msys\1.0\bin;C:\Program Files\dotnet\;C:\Program Files\Java\jdk-20\bin;C:\Program Files\Microsoft VS Code\bin;C:\Program Files\Git\cmd;C:\Users\franc\AppData\Local\Microsoft\WindowsApps;C:\Users\franc\.dotnet\tools;C:\intelFPGA_lite\22.1std\questa_fse\win64;C:\Users\franc\AppData\Local\GitHubDesktop\bin;."/>
    <property name="maven.conf" value="C:\Program Files\NetBeans-12.4\netbeans\java\maven\bin\../conf"/>
    <property name="java.specification.name" value="Java Platform API Specification"/>
    <property name="java.class.version" value="52.0"/>
    <property name="sun.management.compiler" value="HotSpot 64-Bit Tiered Compilers"/>
    <property name="os.version" value="10.0"/>
    <property name="library.jansi.path" value="C:\Program Files\NetBeans-12.4\netbeans\java\maven\bin\..\lib\jansi-native"/>
    <property name="user.home" value="C:\Users\franc"/>
    <property name="user.timezone" value="Europe/Berlin"/>
    <property name="java.awt.printerjob" value="sun.awt.windows.WPrinterJob"/>
    <property name="java.specification.version" value="1.8"/>
    <property name="file.encoding" value="UTF-8"/>
    <property name="user.name" value="franc"/>
    <property name="java.class.path" value="C:\Program Files\NetBeans-12.4\netbeans\java\maven\bin\..\boot\plexus-classworlds-2.6.0.jar"/>
    <property name="java.vm.specification.version" value="1.8"/>
    <property name="sun.arch.data.model" value="64"/>
    <property name="java.home" value="C:\Program Files\Java\jdk-1.8\jre"/>
    <property name="sun.java.command" value="org.codehaus.plexus.classworlds.launcher.Launcher -Dtest=AH.gruppo14.stackbasedcalculator_gruppo14.**.*Test -Dmaven.ext.class.path=C:\Program Files\NetBeans-12.4\netbeans\java\maven-nblib\netbeans-eventspy.jar -Dfile.encoding=UTF-8 surefire:test"/>
    <property name="java.specification.vendor" value="Oracle Corporation"/>
    <property name="user.language" value="it"/>
    <property name="awt.toolkit" value="sun.awt.windows.WToolkit"/>
    <property name="java.vm.info" value="mixed mode"/>
    <property name="java.version" value="1.8.0_381"/>
    <property name="java.ext.dirs" value="C:\Program Files\Java\jdk-1.8\jre\lib\ext;C:\WINDOWS\Sun\Java\lib\ext"/>
    <property name="sun.boot.class.path" value="C:\Program Files\Java\jdk-1.8\jre\lib\resources.jar;C:\Program Files\Java\jdk-1.8\jre\lib\rt.jar;C:\Program Files\Java\jdk-1.8\jre\lib\jsse.jar;C:\Program Files\Java\jdk-1.8\jre\lib\jce.jar;C:\Program Files\Java\jdk-1.8\jre\lib\charsets.jar;C:\Program Files\Java\jdk-1.8\jre\lib\jfr.jar;C:\Program Files\Java\jdk-1.8\jre\classes"/>
    <property name="java.vendor" value="Oracle Corporation"/>
    <property name="java.specification.maintenance.version" value="5"/>
    <property name="maven.home" value="C:\Program Files\NetBeans-12.4\netbeans\java\maven\bin\.."/>
    <property name="file.separator" value="\"/>
    <property name="java.vendor.url.bug" value="http://bugreport.sun.com/bugreport/"/>
    <property name="sun.cpu.endian" value="little"/>
    <property name="sun.io.unicode.encoding" value="UnicodeLittle"/>
    <property name="sun.desktop" value="windows"/>
    <property name="sun.cpu.isalist" value="amd64"/>
  </properties>
  <testcase classname="AH.gruppo14.stackbasedcalculator_gruppo14.StackCalculatorTest" name="AH.gruppo14.stackbasedcalculator_gruppo14.StackCalculatorTest.testSubtractVariable1" time="0">
    <failure message="Unexpected exception type thrown ==&gt; expected: &lt;Eccezioni.StackVuotoException&gt; but was: &lt;java.lang.NullPointerException&gt;" type="org.opentest4j.AssertionFailedError">org.opentest4j.AssertionFailedError: Unexpected exception type thrown ==&gt; expected: &lt;Eccezioni.StackVuotoException&gt; but was: &lt;java.lang.NullPointerException&gt;
	at org.junit.jupiter.api.AssertThrows.assertThrows(AssertThrows.java:65)
	at org.junit.jupiter.api.AssertThrows.assertThrows(AssertThrows.java:37)
	at org.junit.jupiter.api.Assertions.assertThrows(Assertions.java:2952)
	at AH.gruppo14.stackbasedcalculator_gruppo14.StackCalculatorTest.testSubtractVariable1(StackCalculatorTest.java:209)
Caused by: java.lang.NullPointerException
	at AH.gruppo14.stackbasedcalculator_gruppo14.StackCalculatorTest.lambda$testSubtractVariable1$5(StackCalculatorTest.java:210)
	at org.junit.jupiter.api.AssertThrows.assertThrows(AssertThrows.java:55)
	... 21 more
</failure>
    <system-out>subtractVariable1
</system-out>
  </testcase>
  <testcase classname="AH.gruppo14.stackbasedcalculator_gruppo14.StackCalculatorTest" name="AH.gruppo14.stackbasedcalculator_gruppo14.StackCalculatorTest.testSubtractVariable2" time="0">
    <failure type="java.lang.NullPointerException">java.lang.NullPointerException
	at AH.gruppo14.stackbasedcalculator_gruppo14.StackCalculatorTest.testSubtractVariable2(StackCalculatorTest.java:225)
</failure>
    <system-out>subtractVariable2
</system-out>
  </testcase>
  <testcase classname="AH.gruppo14.stackbasedcalculator_gruppo14.StackCalculatorTest" name="AH.gruppo14.stackbasedcalculator_gruppo14.StackCalculatorTest.testLoadVariable1" time="0">
    <failure message="Unexpected exception type thrown ==&gt; expected: &lt;Eccezioni.StackVuotoException&gt; but was: &lt;java.lang.NullPointerException&gt;" type="org.opentest4j.AssertionFailedError">org.opentest4j.AssertionFailedError: Unexpected exception type thrown ==&gt; expected: &lt;Eccezioni.StackVuotoException&gt; but was: &lt;java.lang.NullPointerException&gt;
	at org.junit.jupiter.api.AssertThrows.assertThrows(AssertThrows.java:65)
	at org.junit.jupiter.api.AssertThrows.assertThrows(AssertThrows.java:37)
	at org.junit.jupiter.api.Assertions.assertThrows(Assertions.java:2952)
	at AH.gruppo14.stackbasedcalculator_gruppo14.StackCalculatorTest.testLoadVariable1(StackCalculatorTest.java:58)
Caused by: java.lang.NullPointerException
	at AH.gruppo14.stackbasedcalculator_gruppo14.StackCalculatorTest.lambda$testLoadVariable1$0(StackCalculatorTest.java:59)
	at org.junit.jupiter.api.AssertThrows.assertThrows(AssertThrows.java:55)
	... 21 more
</failure>
    <system-out>loadVariable1
</system-out>
  </testcase>
  <testcase classname="AH.gruppo14.stackbasedcalculator_gruppo14.StackCalculatorTest" name="AH.gruppo14.stackbasedcalculator_gruppo14.StackCalculatorTest.testSubtractVariable3" time="0">
    <failure type="java.lang.NullPointerException">java.lang.NullPointerException
	at AH.gruppo14.stackbasedcalculator_gruppo14.StackCalculatorTest.testSubtractVariable3(StackCalculatorTest.java:241)
</failure>
    <system-out>subtractVariable3
</system-out>
  </testcase>
  <testcase classname="AH.gruppo14.stackbasedcalculator_gruppo14.StackCalculatorTest" name="AH.gruppo14.stackbasedcalculator_gruppo14.StackCalculatorTest.testLoadVariable2" time="0">
    <failure type="java.lang.NullPointerException">java.lang.NullPointerException
	at AH.gruppo14.stackbasedcalculator_gruppo14.StackCalculatorTest.testLoadVariable2(StackCalculatorTest.java:73)
</failure>
    <system-out>loadVariable2
</system-out>
  </testcase>
  <testcase classname="AH.gruppo14.stackbasedcalculator_gruppo14.StackCalculatorTest" name="AH.gruppo14.stackbasedcalculator_gruppo14.StackCalculatorTest.testStoreVariable3" time="0">
    <failure type="java.lang.NullPointerException">java.lang.NullPointerException
	at AH.gruppo14.stackbasedcalculator_gruppo14.StackCalculatorTest.testStoreVariable3(StackCalculatorTest.java:137)
</failure>
    <system-out>storeVariable3
</system-out>
  </testcase>
  <testcase classname="AH.gruppo14.stackbasedcalculator_gruppo14.StackCalculatorTest" name="AH.gruppo14.stackbasedcalculator_gruppo14.StackCalculatorTest.testLoadVariable3" time="0">
    <failure type="java.lang.NullPointerException">java.lang.NullPointerException
	at AH.gruppo14.stackbasedcalculator_gruppo14.StackCalculatorTest.testLoadVariable3(StackCalculatorTest.java:87)
</failure>
    <system-out>loadVariable3
</system-out>
  </testcase>
  <testcase classname="AH.gruppo14.stackbasedcalculator_gruppo14.StackCalculatorTest" name="AH.gruppo14.stackbasedcalculator_gruppo14.StackCalculatorTest.testStoreVariable2" time="0">
    <failure type="java.lang.NullPointerException">java.lang.NullPointerException
	at AH.gruppo14.stackbasedcalculator_gruppo14.StackCalculatorTest.testStoreVariable2(StackCalculatorTest.java:120)
</failure>
    <system-out>storeVariable2
</system-out>
  </testcase>
  <testcase classname="AH.gruppo14.stackbasedcalculator_gruppo14.StackCalculatorTest" name="AH.gruppo14.stackbasedcalculator_gruppo14.StackCalculatorTest.testStoreVariable1" time="0">
    <failure type="java.lang.NullPointerException">java.lang.NullPointerException
	at AH.gruppo14.stackbasedcalculator_gruppo14.StackCalculatorTest.testStoreVariable1(StackCalculatorTest.java:105)
</failure>
    <system-out>storeVariable1
</system-out>
  </testcase>
  <testcase classname="AH.gruppo14.stackbasedcalculator_gruppo14.StackCalculatorTest" name="AH.gruppo14.stackbasedcalculator_gruppo14.StackCalculatorTest.testAddVariable2" time="0">
    <failure type="java.lang.NullPointerException">java.lang.NullPointerException
	at AH.gruppo14.stackbasedcalculator_gruppo14.StackCalculatorTest.testAddVariable2(StackCalculatorTest.java:174)
</failure>
    <system-out>addVariable2
</system-out>
  </testcase>
  <testcase classname="AH.gruppo14.stackbasedcalculator_gruppo14.StackCalculatorTest" name="AH.gruppo14.stackbasedcalculator_gruppo14.StackCalculatorTest.testAddVariable1" time="0">
    <failure message="Unexpected exception type thrown ==&gt; expected: &lt;Eccezioni.StackVuotoException&gt; but was: &lt;java.lang.NullPointerException&gt;" type="org.opentest4j.AssertionFailedError">org.opentest4j.AssertionFailedError: Unexpected exception type thrown ==&gt; expected: &lt;Eccezioni.StackVuotoException&gt; but was: &lt;java.lang.NullPointerException&gt;
	at org.junit.jupiter.api.AssertThrows.assertThrows(AssertThrows.java:65)
	at org.junit.jupiter.api.AssertThrows.assertThrows(AssertThrows.java:37)
	at org.junit.jupiter.api.Assertions.assertThrows(Assertions.java:2952)
	at AH.gruppo14.stackbasedcalculator_gruppo14.StackCalculatorTest.testAddVariable1(StackCalculatorTest.java:158)
Caused by: java.lang.NullPointerException
	at AH.gruppo14.stackbasedcalculator_gruppo14.StackCalculatorTest.lambda$testAddVariable1$3(StackCalculatorTest.java:159)
	at org.junit.jupiter.api.AssertThrows.assertThrows(AssertThrows.java:55)
	... 21 more
</failure>
    <system-out>addVariable1
</system-out>
  </testcase>
  <testcase classname="AH.gruppo14.stackbasedcalculator_gruppo14.StackCalculatorTest" name="AH.gruppo14.stackbasedcalculator_gruppo14.StackCalculatorTest.testAddVariable3" time="0">
    <failure type="java.lang.NullPointerException">java.lang.NullPointerException
	at AH.gruppo14.stackbasedcalculator_gruppo14.StackCalculatorTest.testAddVariable3(StackCalculatorTest.java:190)
</failure>
    <system-out>addVariable3
</system-out>
  </testcase>
</testsuite>